[ 2017-10-24T14:07:33+08:00 ] 127.0.0.1 /index.php
INFO: [ app_init ] --START--
INFO: Run Behavior\BuildLiteBehavior [ RunTime:0.000000s ]
INFO: Run Common\Behavior\InitHookBehavior [ RunTime:0.003000s ]
INFO: [ app_init ] --END-- [ RunTime:0.004000s ]
INFO: [ app_begin ] --START--
INFO: Run Behavior\ReadHtmlCacheBehavior [ RunTime:0.000000s ]
INFO: [ app_begin ] --END-- [ RunTime:0.001000s ]
SQL: SHOW COLUMNS FROM `ycq_config` [ RunTime:0.0940s ]
SQL: SELECT `type`,`name`,`value` FROM `ycq_config` WHERE `status` = 1  [ RunTime:0.0930s ]
SQL: SHOW COLUMNS FROM `ycq_category` [ RunTime:0.1000s ]
SQL: SELECT `id`,`name`,`title`,`pid`,`sort`,`list_row`,`meta_title`,`keywords`,`description`,`template_index`,`template_lists`,`template_detail`,`template_edit`,`model`,`model_sub`,`type`,`link_id`,`allow_publish`,`display`,`reply`,`check`,`reply_model`,`extend`,`create_time`,`update_time`,`status`,`icon`,`groups` FROM `ycq_category` WHERE `status` = 1 ORDER BY sort  [ RunTime:0.0940s ]
SQL: SHOW COLUMNS FROM `ycq_document` [ RunTime:0.0980s ]
SQL: SELECT `id`,`uid`,`name`,`title`,`category_id`,`group_id`,`description`,`root`,`pid`,`model_id`,`type`,`position`,`link_id`,`cover_id`,`display`,`deadline`,`attach`,`view`,`comment`,`extend`,`level`,`create_time`,`update_time`,`status` FROM `ycq_document` WHERE `status` = 1 AND `pid` = 0 AND `create_time` < 1508825250 AND ( deadline = 0 OR deadline > 1508825250 ) ORDER BY `id` DESC  [ RunTime:0.0980s ]
INFO: [ view_parse ] --START--
INFO: [ template_filter ] --START--
INFO: Run Behavior\ContentReplaceBehavior [ RunTime:0.000000s ]
INFO: [ template_filter ] --END-- [ RunTime:0.000000s ]
SQL: SHOW COLUMNS FROM `ycq_channel` [ RunTime:0.0940s ]
SQL: SELECT `id`,`pid`,`title`,`url`,`sort`,`create_time`,`update_time`,`status`,`target` FROM `ycq_channel` WHERE ( status=1 ) ORDER BY sort  [ RunTime:0.0960s ]
SQL: SELECT `id`,`name`,`title`,`pid`,`sort`,`list_row`,`meta_title`,`keywords`,`description`,`template_index`,`template_lists`,`template_detail`,`template_edit`,`model`,`model_sub`,`type`,`link_id`,`allow_publish`,`display`,`reply`,`check`,`reply_model`,`extend`,`create_time`,`update_time`,`status`,`icon`,`groups` FROM `ycq_category` WHERE `id` = 1 LIMIT 1   [ RunTime:0.0930s ]
SQL: SELECT `id`,`name`,`pid`,`title`,`link_id` FROM `ycq_category` WHERE `status` = 1 ORDER BY sort  [ RunTime:0.0920s ]
INFO: [ view_parse ] --START--
INFO: [ template_filter ] --START--
INFO: Run Behavior\ContentReplaceBehavior [ RunTime:0.000000s ]
INFO: [ template_filter ] --END-- [ RunTime:-0.675039s ]
INFO: Run Behavior\ParseTemplateBehavior [ RunTime:0.008000s ]
INFO: [ view_parse ] --END-- [ RunTime:0.008000s ]
INFO: [ view_filter ] --START--
INFO: Run Behavior\WriteHtmlCacheBehavior [ RunTime:0.001000s ]
INFO: [ view_filter ] --END-- [ RunTime:0.001000s ]
SQL: SELECT `id`,`name`,`title`,`pid`,`sort`,`list_row`,`meta_title`,`keywords`,`description`,`template_index`,`template_lists`,`template_detail`,`template_edit`,`model`,`model_sub`,`type`,`link_id`,`allow_publish`,`display`,`reply`,`check`,`reply_model`,`extend`,`create_time`,`update_time`,`status`,`icon`,`groups` FROM `ycq_category` WHERE `id` = 1 LIMIT 1   [ RunTime:0.0930s ]
SQL: SELECT `id`,`name`,`pid`,`title`,`link_id` FROM `ycq_category` WHERE `status` = 1 ORDER BY sort  [ RunTime:0.0970s ]
SQL: SELECT `id`,`uid`,`name`,`title`,`category_id`,`group_id`,`description`,`root`,`pid`,`model_id`,`type`,`position`,`link_id`,`cover_id`,`display`,`deadline`,`attach`,`view`,`comment`,`extend`,`level`,`create_time`,`update_time`,`status` FROM `ycq_document` WHERE `status` = 1 AND `pid` = 0 AND `category_id` IN ('1','2') AND `create_time` < 1508825250 AND ( deadline = 0 OR deadline > 1508825250 ) ORDER BY `level` DESC,`id` DESC LIMIT 0,10   [ RunTime:0.0940s ]
NOTIC: [8] Undefined index: lite D:\github\yuchengquan\sources\ThinkPHP\Library\Think\Db.class.php 第 37 行.
SQL: SHOW COLUMNS FROM `ycq_category` [ RunTime:0.0940s ]
SQL: SELECT * FROM `ycq_category` WHERE `id` = 2 LIMIT 1   [ RunTime:0.0950s ]
INFO: Run Behavior\ParseTemplateBehavior [ RunTime:1.471084s ]
INFO: [ view_parse ] --END-- [ RunTime:0.008000s ]
INFO: [ view_filter ] --START--
INFO: Run Behavior\WriteHtmlCacheBehavior [ RunTime:0.000000s ]
INFO: [ view_filter ] --END-- [ RunTime:-1.462084s ]
INFO: [ app_end ] --START--
INFO: Run Behavior\ShowPageTraceBehavior [ RunTime:0.001000s ]
INFO: [ app_end ] --END-- [ RunTime:0.002000s ]

[ 2017-10-24T14:19:11+08:00 ] 127.0.0.1 /index.php
INFO: [ app_init ] --START--
INFO: Run Behavior\BuildLiteBehavior [ RunTime:0.000000s ]
INFO: Run Common\Behavior\InitHookBehavior [ RunTime:0.003000s ]
INFO: [ app_init ] --END-- [ RunTime:0.005000s ]
INFO: [ app_begin ] --START--
INFO: Run Behavior\ReadHtmlCacheBehavior [ RunTime:0.001000s ]
INFO: [ app_begin ] --END-- [ RunTime:0.001000s ]
ERR: SQLSTATE[28000] [1045] Access denied for user 'xxxx'@'localhost' (using password: YES)

[ 2017-10-24T14:19:26+08:00 ] 127.0.0.1 /index.php
INFO: [ app_init ] --START--
INFO: Run Behavior\BuildLiteBehavior [ RunTime:0.000000s ]
INFO: Run Common\Behavior\InitHookBehavior [ RunTime:0.003000s ]
INFO: [ app_init ] --END-- [ RunTime:0.004000s ]
INFO: [ app_begin ] --START--
INFO: Run Behavior\ReadHtmlCacheBehavior [ RunTime:0.001000s ]
INFO: [ app_begin ] --END-- [ RunTime:0.001000s ]
SQL: SHOW COLUMNS FROM `ycq_config` [ RunTime:0.1050s ]
SQL: SELECT `type`,`name`,`value` FROM `ycq_config` WHERE `status` = 1  [ RunTime:0.4430s ]
SQL: SHOW COLUMNS FROM `ycq_category` [ RunTime:0.1080s ]
SQL: SELECT `id`,`name`,`title`,`pid`,`sort`,`list_row`,`meta_title`,`keywords`,`description`,`template_index`,`template_lists`,`template_detail`,`template_edit`,`model`,`model_sub`,`type`,`link_id`,`allow_publish`,`display`,`reply`,`check`,`reply_model`,`extend`,`create_time`,`update_time`,`status`,`icon`,`groups` FROM `ycq_category` WHERE `status` = 1 ORDER BY sort  [ RunTime:0.1080s ]
SQL: SHOW COLUMNS FROM `ycq_document` [ RunTime:0.1440s ]
SQL: SELECT `id`,`uid`,`name`,`title`,`category_id`,`group_id`,`description`,`root`,`pid`,`model_id`,`type`,`position`,`link_id`,`cover_id`,`display`,`deadline`,`attach`,`view`,`comment`,`extend`,`level`,`create_time`,`update_time`,`status` FROM `ycq_document` WHERE `status` = 1 AND `pid` = 0 AND `create_time` < 1508825964 AND ( deadline = 0 OR deadline > 1508825964 ) ORDER BY `id` DESC  [ RunTime:0.3450s ]
INFO: [ view_parse ] --START--
INFO: [ template_filter ] --START--
INFO: Run Behavior\ContentReplaceBehavior [ RunTime:0.001000s ]
INFO: [ template_filter ] --END-- [ RunTime:0.001000s ]
SQL: SHOW COLUMNS FROM `ycq_channel` [ RunTime:0.1260s ]
SQL: SELECT `id`,`pid`,`title`,`url`,`sort`,`create_time`,`update_time`,`status`,`target` FROM `ycq_channel` WHERE ( status=1 ) ORDER BY sort  [ RunTime:0.0990s ]
SQL: SELECT `id`,`name`,`title`,`pid`,`sort`,`list_row`,`meta_title`,`keywords`,`description`,`template_index`,`template_lists`,`template_detail`,`template_edit`,`model`,`model_sub`,`type`,`link_id`,`allow_publish`,`display`,`reply`,`check`,`reply_model`,`extend`,`create_time`,`update_time`,`status`,`icon`,`groups` FROM `ycq_category` WHERE `id` = 1 LIMIT 1   [ RunTime:0.0990s ]
SQL: SELECT `id`,`name`,`pid`,`title`,`link_id` FROM `ycq_category` WHERE `status` = 1 ORDER BY sort  [ RunTime:0.0950s ]
INFO: [ view_parse ] --START--
INFO: [ template_filter ] --START--
INFO: Run Behavior\ContentReplaceBehavior [ RunTime:0.000000s ]
INFO: [ template_filter ] --END-- [ RunTime:-0.435025s ]
INFO: Run Behavior\ParseTemplateBehavior [ RunTime:0.012001s ]
INFO: [ view_parse ] --END-- [ RunTime:0.012001s ]
INFO: [ view_filter ] --START--
INFO: Run Behavior\WriteHtmlCacheBehavior [ RunTime:0.001000s ]
INFO: [ view_filter ] --END-- [ RunTime:0.001000s ]
SQL: SELECT `id`,`name`,`title`,`pid`,`sort`,`list_row`,`meta_title`,`keywords`,`description`,`template_index`,`template_lists`,`template_detail`,`template_edit`,`model`,`model_sub`,`type`,`link_id`,`allow_publish`,`display`,`reply`,`check`,`reply_model`,`extend`,`create_time`,`update_time`,`status`,`icon`,`groups` FROM `ycq_category` WHERE `id` = 1 LIMIT 1   [ RunTime:0.1040s ]
SQL: SELECT `id`,`name`,`pid`,`title`,`link_id` FROM `ycq_category` WHERE `status` = 1 ORDER BY sort  [ RunTime:0.0950s ]
SQL: SELECT `id`,`uid`,`name`,`title`,`category_id`,`group_id`,`description`,`root`,`pid`,`model_id`,`type`,`position`,`link_id`,`cover_id`,`display`,`deadline`,`attach`,`view`,`comment`,`extend`,`level`,`create_time`,`update_time`,`status` FROM `ycq_document` WHERE `status` = 1 AND `pid` = 0 AND `category_id` IN ('1','2') AND `create_time` < 1508825964 AND ( deadline = 0 OR deadline > 1508825964 ) ORDER BY `level` DESC,`id` DESC LIMIT 0,10   [ RunTime:0.1860s ]
INFO: Run Behavior\ParseTemplateBehavior [ RunTime:0.405023s ]
INFO: [ view_parse ] --END-- [ RunTime:0.012001s ]
INFO: [ view_filter ] --START--
INFO: Run Behavior\WriteHtmlCacheBehavior [ RunTime:0.000000s ]
INFO: [ view_filter ] --END-- [ RunTime:-0.392022s ]
INFO: [ app_end ] --START--
INFO: Run Behavior\ShowPageTraceBehavior [ RunTime:0.002000s ]
INFO: [ app_end ] --END-- [ RunTime:0.002000s ]

